2021-06-27 10:37:55,792 INFO o.a.j.u.JMeterUtils: Setting Locale to en_EN
2021-06-27 10:37:55,815 INFO o.a.j.JMeter: Loading user properties from: /home/lucas/ApacheJMeter/bin/user.properties
2021-06-27 10:37:55,815 INFO o.a.j.JMeter: Loading system properties from: /home/lucas/ApacheJMeter/bin/system.properties
2021-06-27 10:37:55,821 INFO o.a.j.JMeter: Copyright (c) 1998-2021 The Apache Software Foundation
2021-06-27 10:37:55,821 INFO o.a.j.JMeter: Version 5.4.1
2021-06-27 10:37:55,821 INFO o.a.j.JMeter: java.version=11.0.11
2021-06-27 10:37:55,821 INFO o.a.j.JMeter: java.vm.name=OpenJDK 64-Bit Server VM
2021-06-27 10:37:55,821 INFO o.a.j.JMeter: os.name=Linux
2021-06-27 10:37:55,821 INFO o.a.j.JMeter: os.arch=amd64
2021-06-27 10:37:55,821 INFO o.a.j.JMeter: os.version=5.8.0-59-generic
2021-06-27 10:37:55,821 INFO o.a.j.JMeter: file.encoding=UTF-8
2021-06-27 10:37:55,821 INFO o.a.j.JMeter: java.awt.headless=null
2021-06-27 10:37:55,821 INFO o.a.j.JMeter: Max memory     =1073741824
2021-06-27 10:37:55,822 INFO o.a.j.JMeter: Available Processors =12
2021-06-27 10:37:55,829 INFO o.a.j.JMeter: Default Locale=English (EN)
2021-06-27 10:37:55,829 INFO o.a.j.JMeter: JMeter  Locale=English (EN)
2021-06-27 10:37:55,829 INFO o.a.j.JMeter: JMeterHome=/home/lucas/ApacheJMeter
2021-06-27 10:37:55,829 INFO o.a.j.JMeter: user.dir  =/home/lucas/Documentos/JMeter/9- jmeter
2021-06-27 10:37:55,829 INFO o.a.j.JMeter: PWD       =/home/lucas/Documentos/JMeter/9- jmeter
2021-06-27 10:37:55,950 INFO o.a.j.JMeter: IP: 192.168.0.107 Name: ubuntu FullName: ubuntu
2021-06-27 10:37:56,101 INFO o.a.j.JMeter: Setting LAF to: com.github.weisj.darklaf.DarkLaf:com.github.weisj.darklaf.theme.DarculaTheme
2021-06-27 10:37:56,380 INFO o.a.j.JMeter: Loaded icon properties from org/apache/jmeter/images/icon.properties
2021-06-27 10:37:57,649 INFO o.j.r.JARSourceHTTP: Found cached repo
2021-06-27 10:37:57,825 INFO o.j.r.PluginManager: Plugins Status: [jpgc-plugins-manager=1.6, jmeter-core=5.4.1, jmeter-ftp=5.4.1, jmeter-http=5.4.1, jmeter-jdbc=5.4.1, jmeter-jms=5.4.1, jmeter-junit=5.4.1, jmeter-java=5.4.1, jmeter-ldap=5.4.1, jmeter-mail=5.4.1, jmeter-mongodb=5.4.1, jmeter-native=5.4.1, jmeter-tcp=5.4.1, jmeter-components=5.4.1]
2021-06-27 10:38:10,694 INFO o.a.j.s.FileServer: Default base='/home/lucas/Documentos/JMeter/9- jmeter'
2021-06-27 10:38:10,697 INFO o.a.j.g.a.Load: Loading file: /home/lucas/Documentos/JMeter/9- jmeter/Thread Group.jmx
2021-06-27 10:38:10,697 INFO o.a.j.s.FileServer: Set new base='/home/lucas/Documentos/JMeter/9- jmeter'
2021-06-27 10:38:10,826 INFO o.a.j.s.SaveService: Testplan (JMX) version: 2.2. Testlog (JTL) version: 2.2
2021-06-27 10:38:10,837 INFO o.a.j.s.SaveService: Using SaveService properties version 5.0
2021-06-27 10:38:10,839 INFO o.a.j.s.SaveService: Using SaveService properties file encoding UTF-8
2021-06-27 10:38:10,840 INFO o.a.j.s.SaveService: Loading file: /home/lucas/Documentos/JMeter/9- jmeter/Thread Group.jmx
2021-06-27 10:38:11,000 INFO o.a.j.p.h.c.CookieManager: Settings: Delete null: true Check: true Allow variable: true Save: false Prefix: COOKIE_
2021-06-27 10:38:11,004 INFO o.a.j.p.h.s.HTTPSamplerBase: Parser for text/html is org.apache.jmeter.protocol.http.parser.LagartoBasedHtmlParser
2021-06-27 10:38:11,005 INFO o.a.j.p.h.s.HTTPSamplerBase: Parser for application/xhtml+xml is org.apache.jmeter.protocol.http.parser.LagartoBasedHtmlParser
2021-06-27 10:38:11,005 INFO o.a.j.p.h.s.HTTPSamplerBase: Parser for application/xml is org.apache.jmeter.protocol.http.parser.LagartoBasedHtmlParser
2021-06-27 10:38:11,005 INFO o.a.j.p.h.s.HTTPSamplerBase: Parser for text/xml is org.apache.jmeter.protocol.http.parser.LagartoBasedHtmlParser
2021-06-27 10:38:11,005 INFO o.a.j.p.h.s.HTTPSamplerBase: Parser for text/vnd.wap.wml is org.apache.jmeter.protocol.http.parser.RegexpHTMLParser
2021-06-27 10:38:11,005 INFO o.a.j.p.h.s.HTTPSamplerBase: Parser for text/css is org.apache.jmeter.protocol.http.parser.CssParser
2021-06-27 10:38:11,174 INFO o.a.j.e.KeyToolUtils: keytool found at 'keytool'
2021-06-27 10:38:11,176 INFO o.a.j.p.h.p.ProxyControl: HTTP(S) Test Script Recorder SSL Proxy will use keys that support embedded 3rd party resources in file /home/lucas/ApacheJMeter/bin/proxyserver.jks
2021-06-27 10:38:11,532 INFO o.a.j.s.SampleResult: Note: Sample TimeStamps are START times
2021-06-27 10:38:11,532 INFO o.a.j.s.SampleResult: sampleresult.default.encoding is set to ISO-8859-1
2021-06-27 10:38:11,532 INFO o.a.j.s.SampleResult: sampleresult.useNanoTime=true
2021-06-27 10:38:11,533 INFO o.a.j.s.SampleResult: sampleresult.nanoThreadSleep=5000
2021-06-27 10:38:11,666 INFO o.a.j.v.ViewResultsFullVisualizer: Add JavaFX to your Java installation if you want to use renderer: org.apache.jmeter.visualizers.RenderInBrowser
2021-06-27 10:38:11,767 INFO o.a.j.v.ViewResultsFullVisualizer: Add JavaFX to your Java installation if you want to use renderer: org.apache.jmeter.visualizers.RenderInBrowser
2021-06-27 10:38:11,810 INFO o.a.j.s.FileServer: Set new base='/home/lucas/Documentos/JMeter/9- jmeter'
2021-06-27 10:38:23,201 INFO o.a.j.g.a.t.TemplateManager: Reading templates from: /home/lucas/ApacheJMeter/bin/templates/templates.xml
